2025-07-22 22:15:41,383 - __main__ - INFO - ============================================================
2025-07-22 22:15:41,384 - __main__ - INFO - 🧠 MEMORY OPTIMIZED APP LAUNCHER
2025-07-22 22:15:41,385 - __main__ - INFO - ============================================================
2025-07-22 22:15:41,387 - __main__ - INFO - User data directory: ./workspace
2025-07-22 22:15:41,389 - __main__ - INFO - CUDA enabled: True
2025-07-22 22:15:41,396 - __main__ - INFO - Max memory: 2048 MB
2025-07-22 22:15:41,402 - __main__ - INFO - GPU memory fraction: 0.8
2025-07-22 22:15:41,404 - __main__ - INFO - ============================================================
2025-07-22 22:15:41,409 - __main__ - INFO - 🚀 Launching memory optimized PlayaTewsIdentityMasker...
2025-07-22 22:15:41,409 - __main__ - INFO - 🧠 Setting up memory optimization...
2025-07-22 22:15:41,413 - __main__ - INFO - ✅ Memory optimization environment configured
2025-07-22 22:15:41,417 - __main__ - INFO - 🚀 Setting up GPU optimization...
2025-07-22 22:15:53,093 - __main__ - INFO - ℹ️  CUDA not available, using CPU mode
2025-07-22 22:15:53,096 - __main__ - INFO - 🔍 Checking system resources...
2025-07-22 22:15:54,136 - __main__ - INFO - CPU: 8 cores, 100.0% usage
2025-07-22 22:15:54,144 - __main__ - INFO - Memory: 63.9 GB total, 50.3% usage
2025-07-22 22:15:54,144 - __main__ - INFO - Disk: 1862.3 GB total, 83.6% usage
2025-07-22 22:15:54,144 - __main__ - INFO - 📦 Initializing smart memory manager...
2025-07-22 22:15:54,147 - memory_manager - INFO - 📦 Memory pools initialized
2025-07-22 22:15:54,161 - memory_manager - INFO - 🚀 Smart memory manager initialized (max: 2048 MB)
2025-07-22 22:15:54,161 - __main__ - INFO - ✅ Memory manager initialized (max: 2048 MB)
2025-07-22 22:15:54,162 - __main__ - INFO - Launch command: C:\Program Files\Python311\python.exe main.py run PlayaTewsIdentityMasker --userdata-dir ./workspace --memory-optimized --enable-caching --gpu-memory-pooling
2025-07-22 22:15:55,861 - __main__ - ERROR - ❌ Failed to launch application: Command '['C:\\Program Files\\Python311\\python.exe', 'main.py', 'run', 'PlayaTewsIdentityMasker', '--userdata-dir', './workspace', '--memory-optimized', '--enable-caching', '--gpu-memory-pooling']' returned non-zero exit status 2.
2025-07-22 22:15:55,864 - __main__ - ERROR - ❌ Application launch failed
2025-07-22 22:16:25,771 - __main__ - INFO - ============================================================
2025-07-22 22:16:25,773 - __main__ - INFO - 🧠 MEMORY OPTIMIZED APP LAUNCHER
2025-07-22 22:16:25,774 - __main__ - INFO - ============================================================
2025-07-22 22:16:25,774 - __main__ - INFO - User data directory: ./workspace
2025-07-22 22:16:25,775 - __main__ - INFO - CUDA enabled: True
2025-07-22 22:16:25,776 - __main__ - INFO - Max memory: 2048 MB
2025-07-22 22:16:25,776 - __main__ - INFO - GPU memory fraction: 0.8
2025-07-22 22:16:25,776 - __main__ - INFO - ============================================================
2025-07-22 22:16:25,781 - __main__ - INFO - 🚀 Launching memory optimized PlayaTewsIdentityMasker...
2025-07-22 22:16:25,782 - __main__ - INFO - 🧠 Setting up memory optimization...
2025-07-22 22:16:25,785 - __main__ - INFO - ✅ Memory optimization environment configured
2025-07-22 22:16:25,787 - __main__ - INFO - 🚀 Setting up GPU optimization...
2025-07-22 22:16:32,874 - __main__ - INFO - ℹ️  CUDA not available, using CPU mode
2025-07-22 22:16:32,874 - __main__ - INFO - 🔍 Checking system resources...
2025-07-22 22:16:33,907 - __main__ - INFO - CPU: 8 cores, 97.2% usage
2025-07-22 22:16:33,908 - __main__ - INFO - Memory: 63.9 GB total, 49.8% usage
2025-07-22 22:16:33,909 - __main__ - INFO - Disk: 1862.3 GB total, 83.6% usage
2025-07-22 22:16:33,909 - __main__ - INFO - 📦 Initializing smart memory manager...
2025-07-22 22:16:33,913 - memory_manager - INFO - 📦 Memory pools initialized
2025-07-22 22:16:33,929 - memory_manager - INFO - 🚀 Smart memory manager initialized (max: 2048 MB)
2025-07-22 22:16:33,932 - __main__ - INFO - ✅ Memory manager initialized (max: 2048 MB)
2025-07-22 22:16:33,933 - __main__ - INFO - Launch command: C:\Program Files\Python311\python.exe main.py run PlayaTewsIdentityMasker --userdata-dir ./workspace
2025-07-22 22:17:04,036 - memory_manager - INFO - 🔧 Optimizing memory usage...
2025-07-22 22:17:04,214 - memory_manager - INFO - Memory optimization complete: GC collected 24 objects in 0.123s, Memory: 54.6%
2025-07-22 22:17:34,475 - memory_manager - INFO - 🔧 Optimizing memory usage...
2025-07-22 22:17:34,703 - memory_manager - INFO - Memory optimization complete: GC collected 0 objects in 0.199s, Memory: 54.7%
2025-07-22 22:18:04,881 - memory_manager - INFO - 🔧 Optimizing memory usage...
2025-07-22 22:18:05,065 - memory_manager - INFO - Memory optimization complete: GC collected 0 objects in 0.166s, Memory: 59.5%
2025-07-22 22:18:35,100 - memory_manager - INFO - 🔧 Optimizing memory usage...
2025-07-22 22:18:35,243 - memory_manager - INFO - Memory optimization complete: GC collected 0 objects in 0.142s, Memory: 59.8%
2025-07-22 22:19:05,294 - memory_manager - INFO - 🔧 Optimizing memory usage...
2025-07-22 22:19:05,392 - memory_manager - INFO - Memory optimization complete: GC collected 0 objects in 0.097s, Memory: 59.0%
2025-07-22 22:19:35,413 - memory_manager - INFO - 🔧 Optimizing memory usage...
2025-07-22 22:19:35,538 - memory_manager - INFO - Memory optimization complete: GC collected 0 objects in 0.123s, Memory: 59.4%
2025-07-22 22:20:05,545 - memory_manager - INFO - 🔧 Optimizing memory usage...
2025-07-22 22:20:05,644 - memory_manager - INFO - Memory optimization complete: GC collected 0 objects in 0.098s, Memory: 59.0%
2025-07-22 22:20:35,652 - memory_manager - INFO - 🔧 Optimizing memory usage...
2025-07-22 22:20:35,730 - memory_manager - INFO - Memory optimization complete: GC collected 0 objects in 0.078s, Memory: 64.0%
2025-07-22 22:21:04,031 - __main__ - INFO - ✅ Application launched successfully
2025-07-22 22:21:04,048 - __main__ - INFO - ✅ Application completed successfully
2025-07-22 23:22:30,296 - __main__ - INFO - ============================================================
2025-07-22 23:22:30,297 - __main__ - INFO - 🧠 MEMORY OPTIMIZED APP LAUNCHER
2025-07-22 23:22:30,298 - __main__ - INFO - ============================================================
2025-07-22 23:22:30,299 - __main__ - INFO - User data directory: ./workspace
2025-07-22 23:22:30,299 - __main__ - INFO - CUDA enabled: True
2025-07-22 23:22:30,300 - __main__ - INFO - Max memory: 2048 MB
2025-07-22 23:22:30,301 - __main__ - INFO - GPU memory fraction: 0.8
2025-07-22 23:22:30,302 - __main__ - INFO - ============================================================
2025-07-22 23:22:30,302 - __main__ - INFO - 🚀 Launching memory optimized PlayaTewsIdentityMasker...
2025-07-22 23:22:30,303 - __main__ - INFO - 🧠 Setting up memory optimization...
2025-07-22 23:22:30,307 - __main__ - INFO - ✅ Memory optimization environment configured
2025-07-22 23:22:30,309 - __main__ - INFO - 🚀 Setting up GPU optimization...
2025-07-22 23:22:37,473 - __main__ - INFO - ℹ️  CUDA not available, using CPU mode
2025-07-22 23:22:37,482 - __main__ - INFO - 🔍 Checking system resources...
2025-07-22 23:22:38,546 - __main__ - INFO - CPU: 8 cores, 98.9% usage
2025-07-22 23:22:38,564 - __main__ - INFO - Memory: 63.9 GB total, 46.6% usage
2025-07-22 23:22:38,572 - __main__ - INFO - Disk: 1862.3 GB total, 83.6% usage
2025-07-22 23:22:38,607 - __main__ - INFO - 📦 Initializing smart memory manager...
2025-07-22 23:22:38,653 - memory_manager - INFO - 📦 Memory pools initialized
2025-07-22 23:22:38,685 - memory_manager - INFO - 🚀 Smart memory manager initialized (max: 2048 MB)
2025-07-22 23:22:38,687 - __main__ - INFO - ✅ Memory manager initialized (max: 2048 MB)
2025-07-22 23:22:38,691 - __main__ - INFO - Launch command: C:\Program Files\Python311\python.exe main.py run PlayaTewsIdentityMasker --userdata-dir ./workspace
2025-07-22 23:23:08,912 - memory_manager - INFO - 🔧 Optimizing memory usage...
2025-07-22 23:23:09,147 - memory_manager - INFO - Memory optimization complete: GC collected 24 objects in 0.114s, Memory: 53.1%
2025-07-22 23:23:39,476 - memory_manager - INFO - 🔧 Optimizing memory usage...
2025-07-22 23:23:39,553 - memory_manager - INFO - Memory optimization complete: GC collected 0 objects in 0.077s, Memory: 50.3%
2025-07-22 23:24:09,651 - memory_manager - INFO - 🔧 Optimizing memory usage...
2025-07-22 23:24:09,730 - memory_manager - INFO - Memory optimization complete: GC collected 0 objects in 0.078s, Memory: 50.2%
2025-07-22 23:24:39,734 - memory_manager - INFO - 🔧 Optimizing memory usage...
2025-07-22 23:24:39,797 - memory_manager - INFO - Memory optimization complete: GC collected 0 objects in 0.063s, Memory: 51.1%
2025-07-22 23:25:09,803 - memory_manager - INFO - 🔧 Optimizing memory usage...
2025-07-22 23:25:09,860 - memory_manager - INFO - Memory optimization complete: GC collected 0 objects in 0.057s, Memory: 49.5%
2025-07-22 23:25:39,864 - memory_manager - INFO - 🔧 Optimizing memory usage...
2025-07-22 23:25:39,931 - memory_manager - INFO - Memory optimization complete: GC collected 0 objects in 0.066s, Memory: 50.6%
2025-07-22 23:26:09,935 - memory_manager - INFO - 🔧 Optimizing memory usage...
2025-07-22 23:26:09,992 - memory_manager - INFO - Memory optimization complete: GC collected 0 objects in 0.056s, Memory: 49.9%
2025-07-22 23:26:40,028 - memory_manager - INFO - 🔧 Optimizing memory usage...
2025-07-22 23:26:40,101 - memory_manager - INFO - Memory optimization complete: GC collected 0 objects in 0.071s, Memory: 51.1%
2025-07-22 23:27:10,126 - memory_manager - INFO - 🔧 Optimizing memory usage...
2025-07-22 23:27:10,186 - memory_manager - INFO - Memory optimization complete: GC collected 0 objects in 0.059s, Memory: 49.5%
2025-07-22 23:27:40,192 - memory_manager - INFO - 🔧 Optimizing memory usage...
2025-07-22 23:27:40,268 - memory_manager - INFO - Memory optimization complete: GC collected 0 objects in 0.075s, Memory: 53.1%
2025-07-22 23:28:10,273 - memory_manager - INFO - 🔧 Optimizing memory usage...
2025-07-22 23:28:10,341 - memory_manager - INFO - Memory optimization complete: GC collected 0 objects in 0.067s, Memory: 54.2%
2025-07-22 23:28:40,358 - memory_manager - INFO - 🔧 Optimizing memory usage...
2025-07-22 23:28:40,621 - memory_manager - INFO - Memory optimization complete: GC collected 0 objects in 0.202s, Memory: 55.7%
2025-07-22 23:29:10,626 - memory_manager - INFO - 🔧 Optimizing memory usage...
2025-07-22 23:29:10,702 - memory_manager - INFO - Memory optimization complete: GC collected 0 objects in 0.075s, Memory: 52.7%
2025-07-22 23:29:40,707 - memory_manager - INFO - 🔧 Optimizing memory usage...
2025-07-22 23:29:40,804 - memory_manager - INFO - Memory optimization complete: GC collected 0 objects in 0.092s, Memory: 53.0%
2025-07-22 23:30:10,901 - memory_manager - INFO - 🔧 Optimizing memory usage...
2025-07-22 23:30:11,051 - memory_manager - INFO - Memory optimization complete: GC collected 0 objects in 0.147s, Memory: 53.1%
2025-07-22 23:30:41,092 - memory_manager - INFO - 🔧 Optimizing memory usage...
2025-07-22 23:30:41,175 - memory_manager - INFO - Memory optimization complete: GC collected 0 objects in 0.081s, Memory: 52.2%
2025-07-22 23:31:11,193 - memory_manager - INFO - 🔧 Optimizing memory usage...
2025-07-22 23:31:11,318 - memory_manager - INFO - Memory optimization complete: GC collected 0 objects in 0.108s, Memory: 52.0%
2025-07-22 23:31:41,397 - memory_manager - INFO - 🔧 Optimizing memory usage...
2025-07-22 23:31:41,509 - memory_manager - INFO - Memory optimization complete: GC collected 0 objects in 0.108s, Memory: 54.8%
2025-07-22 23:32:11,533 - memory_manager - INFO - 🔧 Optimizing memory usage...
2025-07-22 23:32:11,667 - memory_manager - INFO - Memory optimization complete: GC collected 0 objects in 0.119s, Memory: 52.3%
2025-07-22 23:32:41,704 - memory_manager - INFO - 🔧 Optimizing memory usage...
2025-07-22 23:32:41,811 - memory_manager - INFO - Memory optimization complete: GC collected 0 objects in 0.106s, Memory: 51.3%
2025-07-22 23:33:11,884 - memory_manager - INFO - 🔧 Optimizing memory usage...
2025-07-22 23:33:11,976 - memory_manager - INFO - Memory optimization complete: GC collected 0 objects in 0.091s, Memory: 49.7%
2025-07-22 23:33:42,039 - memory_manager - INFO - 🔧 Optimizing memory usage...
2025-07-22 23:33:42,266 - memory_manager - INFO - Memory optimization complete: GC collected 0 objects in 0.218s, Memory: 52.9%
2025-07-22 23:34:12,336 - memory_manager - INFO - 🔧 Optimizing memory usage...
2025-07-22 23:34:12,540 - memory_manager - INFO - Memory optimization complete: GC collected 0 objects in 0.155s, Memory: 60.1%
2025-07-22 23:34:13,408 - __main__ - ERROR - ❌ Failed to launch application: Command '['C:\\Program Files\\Python311\\python.exe', 'main.py', 'run', 'PlayaTewsIdentityMasker', '--userdata-dir', './workspace']' returned non-zero exit status 3221226505.
2025-07-22 23:34:13,472 - __main__ - ERROR - ❌ Application launch failed
